<?xml version="1.0" encoding="UTF-8"?>
<testsuite name="com.starter.redis.RedisTest" tests="1" skipped="0" failures="0" errors="0" timestamp="2023-06-27T16:30:08" hostname="lpant-mn2.linkedin.biz" time="0.02">
  <properties/>
  <testcase name="test1()" classname="com.starter.redis.RedisTest" time="0.02"/>
  <system-out><![CDATA[]]></system-out>
  <system-err><![CDATA[SLF4J: Failed to load class "org.slf4j.impl.StaticLoggerBinder".
SLF4J: Defaulting to no-operation (NOP) logger implementation
SLF4J: See http://www.slf4j.org/codes.html#StaticLoggerBinder for further details.
SLF4J: Failed to load class "org.slf4j.impl.StaticMDCBinder".
SLF4J: Defaulting to no-operation MDCAdapter implementation.
SLF4J: See http://www.slf4j.org/codes.html#no_static_mdc_binder for further details.
]]></system-err>
</testsuite>
